<?xml version="1.0" encoding="UTF-8"?>
<coverage generated="1563489743585" clover="3.2.0">
  <project timestamp="1563489743585" name="All files">
    <metrics statements="56" coveredstatements="22" conditionals="8" coveredconditionals="1" methods="17" coveredmethods="5" elements="81" coveredelements="28" complexity="0" loc="56" ncloc="56" packages="2" files="2" classes="2"/>
    <package name="Dashboard">
      <metrics statements="30" coveredstatements="12" conditionals="4" coveredconditionals="1" methods="10" coveredmethods="3"/>
      <file name="Dashboard.js" path="/Users/jag/school/cf/401/block-projects/final/react-native-front-end/front-end/src/component/Dashboard/Dashboard.js">
        <metrics statements="30" coveredstatements="12" conditionals="4" coveredconditionals="1" methods="10" coveredmethods="3"/>
        <line num="7" count="1" type="stmt"/>
        <line num="19" count="1" type="stmt"/>
        <line num="30" count="2" type="stmt"/>
        <line num="31" count="2" type="stmt"/>
        <line num="32" count="2" type="stmt"/>
        <line num="33" count="1" type="stmt"/>
        <line num="34" count="1" type="stmt"/>
        <line num="35" count="1" type="stmt"/>
        <line num="37" count="1" type="stmt"/>
        <line num="52" count="0" type="stmt"/>
        <line num="64" count="0" type="stmt"/>
        <line num="75" count="0" type="stmt"/>
        <line num="77" count="0" type="stmt"/>
        <line num="78" count="0" type="stmt"/>
        <line num="79" count="0" type="stmt"/>
        <line num="80" count="0" type="stmt"/>
        <line num="81" count="0" type="stmt"/>
        <line num="84" count="0" type="cond" truecount="0" falsecount="2"/>
        <line num="85" count="0" type="stmt"/>
        <line num="88" count="0" type="stmt"/>
        <line num="98" count="0" type="stmt"/>
        <line num="99" count="0" type="stmt"/>
        <line num="102" count="2" type="stmt"/>
        <line num="103" count="0" type="stmt"/>
        <line num="104" count="0" type="stmt"/>
        <line num="105" count="0" type="stmt"/>
        <line num="115" count="1" type="stmt"/>
        <line num="125" count="1" type="stmt"/>
        <line num="131" count="0" type="stmt"/>
        <line num="146" count="0" type="stmt"/>
      </file>
    </package>
    <package name="Home-Page">
      <metrics statements="26" coveredstatements="10" conditionals="4" coveredconditionals="0" methods="7" coveredmethods="2"/>
      <file name="Home-Page.js" path="/Users/jag/school/cf/401/block-projects/final/react-native-front-end/front-end/src/component/Home-Page/Home-Page.js">
        <metrics statements="26" coveredstatements="10" conditionals="4" coveredconditionals="0" methods="7" coveredmethods="2"/>
        <line num="15" count="1" type="stmt"/>
        <line num="24" count="1" type="stmt"/>
        <line num="32" count="2" type="stmt"/>
        <line num="33" count="2" type="stmt"/>
        <line num="34" count="2" type="stmt"/>
        <line num="36" count="2" type="stmt"/>
        <line num="46" count="0" type="cond" truecount="0" falsecount="2"/>
        <line num="47" count="0" type="stmt"/>
        <line num="61" count="2" type="stmt"/>
        <line num="63" count="0" type="stmt"/>
        <line num="64" count="0" type="stmt"/>
        <line num="66" count="0" type="stmt"/>
        <line num="71" count="0" type="stmt"/>
        <line num="82" count="2" type="stmt"/>
        <line num="83" count="0" type="stmt"/>
        <line num="85" count="0" type="stmt"/>
        <line num="86" count="0" type="stmt"/>
        <line num="87" count="0" type="stmt"/>
        <line num="89" count="0" type="stmt"/>
        <line num="90" count="0" type="stmt"/>
        <line num="99" count="2" type="stmt"/>
        <line num="100" count="0" type="cond" truecount="0" falsecount="2"/>
        <line num="101" count="0" type="stmt"/>
        <line num="107" count="0" type="stmt"/>
        <line num="117" count="2" type="stmt"/>
        <line num="131" count="0" type="stmt"/>
      </file>
    </package>
  </project>
</coverage>
