TN:
SF:/Users/jag/school/cf/401/block-projects/final/react-native-front-end/front-end/src/component/Dashboard/Dashboard.js
FN:29,(anonymous_0)
FN:51,(anonymous_1)
FN:63,(anonymous_2)
FN:77,(anonymous_3)
FN:97,(anonymous_4)
FN:102,(anonymous_5)
FN:114,(anonymous_6)
FN:124,(anonymous_7)
FN:131,(anonymous_8)
FN:145,(anonymous_9)
FNF:10
FNH:3
FNDA:2,(anonymous_0)
FNDA:0,(anonymous_1)
FNDA:0,(anonymous_2)
FNDA:0,(anonymous_3)
FNDA:0,(anonymous_4)
FNDA:0,(anonymous_5)
FNDA:1,(anonymous_6)
FNDA:1,(anonymous_7)
FNDA:0,(anonymous_8)
FNDA:0,(anonymous_9)
DA:7,1
DA:19,1
DA:30,2
DA:31,2
DA:32,2
DA:33,1
DA:34,1
DA:35,1
DA:37,1
DA:52,0
DA:64,0
DA:75,0
DA:77,0
DA:78,0
DA:79,0
DA:80,0
DA:81,0
DA:84,0
DA:85,0
DA:88,0
DA:98,0
DA:99,0
DA:102,2
DA:103,0
DA:104,0
DA:105,0
DA:115,1
DA:125,1
DA:131,0
DA:146,0
LF:30
LH:12
BRDA:84,0,0,0
BRDA:84,0,1,0
BRDA:130,1,0,0
BRDA:130,1,1,1
BRF:4
BRH:1
end_of_record
TN:
SF:/Users/jag/school/cf/401/block-projects/final/react-native-front-end/front-end/src/component/Home-Page/Home-Page.js
FN:31,(anonymous_0)
FN:45,(anonymous_1)
FN:61,(anonymous_2)
FN:82,(anonymous_3)
FN:99,(anonymous_4)
FN:116,(anonymous_5)
FN:131,(anonymous_6)
FNF:7
FNH:2
FNDA:2,(anonymous_0)
FNDA:0,(anonymous_1)
FNDA:0,(anonymous_2)
FNDA:0,(anonymous_3)
FNDA:0,(anonymous_4)
FNDA:2,(anonymous_5)
FNDA:0,(anonymous_6)
DA:15,1
DA:24,1
DA:32,2
DA:33,2
DA:34,2
DA:36,2
DA:46,0
DA:47,0
DA:61,2
DA:63,0
DA:64,0
DA:66,0
DA:71,0
DA:82,2
DA:83,0
DA:85,0
DA:86,0
DA:87,0
DA:89,0
DA:90,0
DA:99,2
DA:100,0
DA:101,0
DA:107,0
DA:117,2
DA:131,0
LF:26
LH:10
BRDA:46,0,0,0
BRDA:46,0,1,0
BRDA:100,1,0,0
BRDA:100,1,1,0
BRF:4
BRH:0
end_of_record
